<?xml version="1.0" encoding="UTF-8"?>
<testsuite name="ClientTest" tests="1" skipped="0" failures="0" errors="0" timestamp="2018-10-12T08:45:38" hostname="ephantus-Latitude-E5440" time="0.001">
  <properties/>
  <testcase name="clientReturnsAnInstanceOfObject_object" classname="ClientTest" time="0.001"/>
  <system-out><![CDATA[]]></system-out>
  <system-err><![CDATA[]]></system-err>
</testsuite>
